[ 2026-03-11 00:01:03,497 ] 1025 httpx - INFO - HTTP Request: GET https://dagshub.com/api/v1/user "HTTP/1.1 200 OK"
[ 2026-03-11 00:01:03,515 ] 107 dagshub - INFO - Accessing as Nimisha1518
[ 2026-03-11 00:01:04,584 ] 1025 httpx - INFO - HTTP Request: GET https://dagshub.com/api/v1/repos/Nimisha1518/networksecurity "HTTP/1.1 200 OK"
[ 2026-03-11 00:01:05,702 ] 1025 httpx - INFO - HTTP Request: GET https://dagshub.com/api/v1/user "HTTP/1.1 200 OK"
[ 2026-03-11 00:01:05,706 ] 107 dagshub - INFO - Initialized MLflow to track repo "Nimisha1518/networksecurity"
[ 2026-03-11 00:01:05,707 ] 107 dagshub - INFO - Repository Nimisha1518/networksecurity initialized!
[ 2026-03-11 00:02:58,150 ] 42 root - INFO - Start data Ingestion
[ 2026-03-11 00:03:03,316 ] 65 root - INFO - Performed train test split on the dataframe
[ 2026-03-11 00:03:03,316 ] 67 root - INFO - Exited split_data_as_train_test method of Data_Ingestion class
[ 2026-03-11 00:03:03,317 ] 75 root - INFO - Exporting train and test file path.
[ 2026-03-11 00:03:03,440 ] 84 root - INFO - Exported train and test file path.
[ 2026-03-11 00:03:03,442 ] 45 root - INFO - Data Ingestion completed and artifact: DataIngestionArtifact(trained_file_path='Artifacts\\03_11_2026_00_00_53\\data_ingestion\\ingested\\train.csv', test_file_path='Artifacts\\03_11_2026_00_00_53\\data_ingestion\\ingested\\test.csv')
[ 2026-03-11 00:03:03,464 ] 55 root - INFO - Initiate the data Validation
[ 2026-03-11 00:03:03,558 ] 32 root - INFO - Required number of columns:2
[ 2026-03-11 00:03:03,559 ] 33 root - INFO - Data frame has columns:31
[ 2026-03-11 00:03:03,559 ] 32 root - INFO - Required number of columns:2
[ 2026-03-11 00:03:03,559 ] 33 root - INFO - Data frame has columns:31
[ 2026-03-11 00:03:03,908 ] 63 root - INFO - Entered initiate_data_transformation method of DataTransformation class
[ 2026-03-11 00:03:03,908 ] 65 root - INFO - Starting data transformation
[ 2026-03-11 00:03:03,975 ] 48 root - INFO - Entered get_data_trnasformer_object method of Trnasformation class
[ 2026-03-11 00:03:03,975 ] 53 root - INFO - Initialise KNNImputer with {'missing_values': nan, 'n_neighbors': 3, 'weights': 'uniform'}
[ 2026-03-11 00:03:04,017 ] 46 root - INFO - Entered the save_object method of MainUtils class
[ 2026-03-11 00:03:04,026 ] 50 root - INFO - Exited the save_object method of MainUtils class
[ 2026-03-11 00:03:04,026 ] 46 root - INFO - Entered the save_object method of MainUtils class
[ 2026-03-11 00:03:04,032 ] 50 root - INFO - Exited the save_object method of MainUtils class
