[ 2026-03-11 00:27:30,003 ] 1025 httpx - INFO - HTTP Request: GET https://dagshub.com/api/v1/user "HTTP/1.1 200 OK"
[ 2026-03-11 00:27:30,014 ] 107 dagshub - INFO - Accessing as Nimisha1518
[ 2026-03-11 00:27:31,047 ] 1025 httpx - INFO - HTTP Request: GET https://dagshub.com/api/v1/repos/Nimisha1518/networksecurity "HTTP/1.1 200 OK"
[ 2026-03-11 00:27:32,081 ] 1025 httpx - INFO - HTTP Request: GET https://dagshub.com/api/v1/user "HTTP/1.1 200 OK"
[ 2026-03-11 00:27:32,085 ] 107 dagshub - INFO - Initialized MLflow to track repo "Nimisha1518/networksecurity"
[ 2026-03-11 00:27:32,085 ] 107 dagshub - INFO - Repository Nimisha1518/networksecurity initialized!
[ 2026-03-11 00:27:32,089 ] 20 root - INFO - Initiate the data ingestion
[ 2026-03-11 00:27:37,198 ] 65 root - INFO - Performed train test split on the dataframe
[ 2026-03-11 00:27:37,198 ] 67 root - INFO - Exited split_data_as_train_test method of Data_Ingestion class
[ 2026-03-11 00:27:37,198 ] 75 root - INFO - Exporting train and test file path.
[ 2026-03-11 00:27:37,341 ] 84 root - INFO - Exported train and test file path.
[ 2026-03-11 00:27:37,343 ] 22 root - INFO - Data Initiation Completed
[ 2026-03-11 00:27:37,362 ] 26 root - INFO - Initiate the data Validation
[ 2026-03-11 00:27:37,445 ] 32 root - INFO - Required number of columns:2
[ 2026-03-11 00:27:37,447 ] 33 root - INFO - Data frame has columns:31
[ 2026-03-11 00:27:37,447 ] 32 root - INFO - Required number of columns:2
[ 2026-03-11 00:27:37,447 ] 33 root - INFO - Data frame has columns:31
[ 2026-03-11 00:27:37,724 ] 28 root - INFO - data Validation Completed
[ 2026-03-11 00:27:37,724 ] 31 root - INFO - data Transformation started
[ 2026-03-11 00:27:37,725 ] 63 root - INFO - Entered initiate_data_transformation method of DataTransformation class
[ 2026-03-11 00:27:37,725 ] 65 root - INFO - Starting data transformation
[ 2026-03-11 00:27:37,800 ] 48 root - INFO - Entered get_data_trnasformer_object method of Trnasformation class
[ 2026-03-11 00:27:37,800 ] 53 root - INFO - Initialise KNNImputer with {'missing_values': nan, 'n_neighbors': 3, 'weights': 'uniform'}
[ 2026-03-11 00:27:37,835 ] 46 root - INFO - Entered the save_object method of MainUtils class
[ 2026-03-11 00:27:37,843 ] 50 root - INFO - Exited the save_object method of MainUtils class
[ 2026-03-11 00:27:37,843 ] 46 root - INFO - Entered the save_object method of MainUtils class
[ 2026-03-11 00:27:37,849 ] 50 root - INFO - Exited the save_object method of MainUtils class
[ 2026-03-11 00:27:37,852 ] 35 root - INFO - data Transformation completed
[ 2026-03-11 00:27:37,852 ] 37 root - INFO - Model Training sstared
[ 2026-03-11 00:36:55,746 ] 46 root - INFO - Entered the save_object method of MainUtils class
[ 2026-03-11 00:36:55,750 ] 50 root - INFO - Exited the save_object method of MainUtils class
[ 2026-03-11 00:36:55,750 ] 46 root - INFO - Entered the save_object method of MainUtils class
[ 2026-03-11 00:36:55,803 ] 50 root - INFO - Exited the save_object method of MainUtils class
[ 2026-03-11 00:36:55,804 ] 150 root - INFO - Model trainer artifact: ModelTrainerArtifact(trained_model_file_path='Artifacts\\03_11_2026_00_27_21\\model_trainer\\trained_model\\model.pkl', train_metric_artifact=ClassificationMetricArtifact(f1_score=0.9910587279008332, precision_score=0.9882472137791287, recall_score=0.9938862848991237), test_metric_artifact=ClassificationMetricArtifact(f1_score=0.9745425616547335, precision_score=0.9691455696202531, recall_score=0.98))
[ 2026-03-11 00:36:55,808 ] 42 root - INFO - Model Training artifact created
