[ 2026-03-11 22:07:31,024 ] 1025 httpx - INFO - HTTP Request: GET https://dagshub.com/api/v1/user "HTTP/1.1 200 OK"
[ 2026-03-11 22:07:31,041 ] 107 dagshub - INFO - Accessing as Nimisha1518
[ 2026-03-11 22:07:32,211 ] 1025 httpx - INFO - HTTP Request: GET https://dagshub.com/api/v1/repos/Nimisha1518/networksecurity "HTTP/1.1 200 OK"
[ 2026-03-11 22:07:33,215 ] 1025 httpx - INFO - HTTP Request: GET https://dagshub.com/api/v1/user "HTTP/1.1 200 OK"
[ 2026-03-11 22:07:33,230 ] 107 dagshub - INFO - Initialized MLflow to track repo "Nimisha1518/networksecurity"
[ 2026-03-11 22:07:33,245 ] 107 dagshub - INFO - Repository Nimisha1518/networksecurity initialized!
[ 2026-03-11 22:10:47,218 ] 42 root - INFO - Start data Ingestion
[ 2026-03-11 22:11:07,280 ] 65 root - INFO - Performed train test split on the dataframe
[ 2026-03-11 22:11:07,281 ] 67 root - INFO - Exited split_data_as_train_test method of Data_Ingestion class
[ 2026-03-11 22:11:07,282 ] 75 root - INFO - Exporting train and test file path.
[ 2026-03-11 22:11:07,739 ] 84 root - INFO - Exported train and test file path.
[ 2026-03-11 22:11:07,740 ] 45 root - INFO - Data Ingestion completed and artifact: DataIngestionArtifact(trained_file_path='Artifacts\\03_11_2026_22_07_08\\data_ingestion\\ingested\\train.csv', test_file_path='Artifacts\\03_11_2026_22_07_08\\data_ingestion\\ingested\\test.csv')
[ 2026-03-11 22:11:07,837 ] 55 root - INFO - Initiate the data Validation
[ 2026-03-11 22:11:08,371 ] 32 root - INFO - Required number of columns:2
[ 2026-03-11 22:11:08,372 ] 33 root - INFO - Data frame has columns:31
[ 2026-03-11 22:11:08,372 ] 32 root - INFO - Required number of columns:2
[ 2026-03-11 22:11:08,372 ] 33 root - INFO - Data frame has columns:31
[ 2026-03-11 22:11:09,459 ] 63 root - INFO - Entered initiate_data_transformation method of DataTransformation class
[ 2026-03-11 22:11:09,460 ] 65 root - INFO - Starting data transformation
[ 2026-03-11 22:11:09,901 ] 48 root - INFO - Entered get_data_trnasformer_object method of Trnasformation class
[ 2026-03-11 22:11:09,902 ] 53 root - INFO - Initialise KNNImputer with {'missing_values': nan, 'n_neighbors': 3, 'weights': 'uniform'}
[ 2026-03-11 22:11:10,174 ] 46 root - INFO - Entered the save_object method of MainUtils class
[ 2026-03-11 22:11:10,196 ] 50 root - INFO - Exited the save_object method of MainUtils class
[ 2026-03-11 22:11:10,196 ] 46 root - INFO - Entered the save_object method of MainUtils class
[ 2026-03-11 22:11:10,275 ] 50 root - INFO - Exited the save_object method of MainUtils class
[ 2026-03-11 22:27:06,548 ] 46 root - INFO - Entered the save_object method of MainUtils class
[ 2026-03-11 22:27:06,555 ] 50 root - INFO - Exited the save_object method of MainUtils class
[ 2026-03-11 22:27:06,555 ] 46 root - INFO - Entered the save_object method of MainUtils class
[ 2026-03-11 22:27:06,653 ] 50 root - INFO - Exited the save_object method of MainUtils class
[ 2026-03-11 22:27:06,654 ] 150 root - INFO - Model trainer artifact: ModelTrainerArtifact(trained_model_file_path='Artifacts\\03_11_2026_22_07_08\\model_trainer\\trained_model\\model.pkl', train_metric_artifact=ClassificationMetricArtifact(f1_score=0.9914564277816866, precision_score=0.9887730553327987, recall_score=0.9941544043539609), test_metric_artifact=ClassificationMetricArtifact(f1_score=0.9770928779675135, precision_score=0.9734439834024896, recall_score=0.9807692307692307))
