[ 2026-03-10 23:39:56,292 ] 1025 httpx - INFO - HTTP Request: GET https://dagshub.com/api/v1/user "HTTP/1.1 200 OK"
[ 2026-03-10 23:39:56,320 ] 107 dagshub - INFO - Accessing as Nimisha1518
[ 2026-03-10 23:39:57,632 ] 1025 httpx - INFO - HTTP Request: GET https://dagshub.com/api/v1/repos/Nimisha1518/networksecurity "HTTP/1.1 200 OK"
[ 2026-03-10 23:39:58,666 ] 1025 httpx - INFO - HTTP Request: GET https://dagshub.com/api/v1/user "HTTP/1.1 200 OK"
[ 2026-03-10 23:39:58,673 ] 107 dagshub - INFO - Initialized MLflow to track repo "Nimisha1518/networksecurity"
[ 2026-03-10 23:39:58,674 ] 107 dagshub - INFO - Repository Nimisha1518/networksecurity initialized!
[ 2026-03-10 23:39:58,675 ] 20 root - INFO - Initiate the data ingestion
[ 2026-03-10 23:40:23,637 ] 65 root - INFO - Performed train test split on the dataframe
[ 2026-03-10 23:40:23,637 ] 67 root - INFO - Exited split_data_as_train_test method of Data_Ingestion class
[ 2026-03-10 23:40:23,639 ] 75 root - INFO - Exporting train and test file path.
[ 2026-03-10 23:40:23,753 ] 84 root - INFO - Exported train and test file path.
[ 2026-03-10 23:40:23,754 ] 22 root - INFO - Data Initiation Completed
[ 2026-03-10 23:40:23,770 ] 26 root - INFO - Initiate the data Validation
[ 2026-03-10 23:40:23,861 ] 32 root - INFO - Required number of columns:2
[ 2026-03-10 23:40:23,861 ] 33 root - INFO - Data frame has columns:31
[ 2026-03-10 23:40:23,861 ] 32 root - INFO - Required number of columns:2
[ 2026-03-10 23:40:23,862 ] 33 root - INFO - Data frame has columns:31
[ 2026-03-10 23:40:24,137 ] 28 root - INFO - data Validation Completed
[ 2026-03-10 23:40:24,137 ] 31 root - INFO - data Transformation started
[ 2026-03-10 23:40:24,137 ] 63 root - INFO - Entered initiate_data_transformation method of DataTransformation class
[ 2026-03-10 23:40:24,137 ] 65 root - INFO - Starting data transformation
[ 2026-03-10 23:40:24,189 ] 48 root - INFO - Entered get_data_trnasformer_object method of Trnasformation class
[ 2026-03-10 23:40:24,189 ] 53 root - INFO - Initialise KNNImputer with {'missing_values': nan, 'n_neighbors': 3, 'weights': 'uniform'}
[ 2026-03-10 23:40:24,211 ] 46 root - INFO - Entered the save_object method of MainUtils class
[ 2026-03-10 23:40:24,218 ] 50 root - INFO - Exited the save_object method of MainUtils class
[ 2026-03-10 23:40:24,218 ] 46 root - INFO - Entered the save_object method of MainUtils class
[ 2026-03-10 23:40:24,224 ] 50 root - INFO - Exited the save_object method of MainUtils class
[ 2026-03-10 23:40:24,226 ] 35 root - INFO - data Transformation completed
[ 2026-03-10 23:40:24,226 ] 37 root - INFO - Model Training sstared
[ 2026-03-10 23:46:08,876 ] 868 urllib3.connectionpool - WARNING - Retrying (Retry(total=6, connect=7, read=7, redirect=7, status=7)) after connection broken by 'SSLEOFError(8, 'EOF occurred in violation of protocol (_ssl.c:2384)')': /Nimisha1518/networksecurity.mlflow/api/2.0/mlflow-artifacts/artifacts/002ef8c7f00f4edaa227416e1c37b04e/models/m-91f4fd9097474449b71482ca22d8ae0d/artifacts/model.pkl
[ 2026-03-10 23:46:17,228 ] 868 urllib3.connectionpool - WARNING - Retrying (Retry(total=5, connect=7, read=7, redirect=7, status=7)) after connection broken by 'SSLEOFError(8, 'EOF occurred in violation of protocol (_ssl.c:2384)')': /Nimisha1518/networksecurity.mlflow/api/2.0/mlflow-artifacts/artifacts/002ef8c7f00f4edaa227416e1c37b04e/models/m-91f4fd9097474449b71482ca22d8ae0d/artifacts/model.pkl
